
> forensics-platform-backend@2.0.0 dev
> ts-node-dev --respawn --transpile-only src/index.ts

[INFO] 18:34:17 ts-node-dev ver. 2.0.0 (using ts-node ver. 10.9.2, typescript ver. 5.9.3)
2026-05-29 18:34:19 [[32minfo[39m]: [Sync] Starting automatic queue processing every 5s {
  "service": "forensics-platform"
}
2026-05-29 18:34:20 [[32minfo[39m]: Connecting to MongoDB: forensics_platform {
  "service": "forensics-platform"
}
2026-05-29 18:34:20 [[32minfo[39m]: MongoDB connected successfully {
  "service": "forensics-platform"
}
2026-05-29 18:34:20 [[32minfo[39m]: WebSocket service initialized {
  "service": "forensics-platform"
}
2026-05-29 18:34:20 [[32minfo[39m]: ============================================================
Forensics Platform Backend
------------------------------------------------------------
Environment: production
Port: 3000
API Version: v1
WebSocket: Enabled
============================================================ {
  "service": "forensics-platform"
}
2026-05-29 18:34:20 [[32minfo[39m]: Backend services initialized successfully {
  "service": "forensics-platform"
}
